+-----------------------------[CrewAIEventsBus] Sync handler error in on_flow_started: 'charmap' codec can't 
encode character '\U0001f30a' in position 1: character maps to <undefined>
Flow started with ID: c93cd5a2-0ce2-4df2-8700-25e532d91e59
+--------------------------[CrewAIEventsBus] Sync handler error in on_method_execution_started: 'charmap' 
codec can't encode character '\U0001f504' in position +-1----------------------------: character maps to 
<+-undefined------------------------->
[CrewAIEventsBus] Sync handler error in on_method_execution_finished: 'charmap'
codec can't encode character '\U0001f30a' in position 1: character maps to 
<undefined>
[CrewAIEventsBus] Sync handler error in on_method_execution_started: 'charmap' 
codec can't encode character '\U0001f504' in position 1: character maps to 
<undefined>
+--------------------------[CrewAIEventsBus] Sync handler error in on_crew_started: 'charmap' codec can't 
encode character '\U0001f504' in position 1: character maps to <undefined>
+--------------------------[CrewAIEventsBus] Sync handler error in on_task_started: 'charmap' codec can't 
encode character '\U0001f504' in position 1: character maps to <undefined>
+--------------------------[CrewAIEventsBus] Sync handler error in on_agent_logs_started: 'charmap' codec 
can't encode character '\U0001f504' in position 1: character maps to 
<undefined>
+--------------------------[CrewAIEventsBus] Sync handler error in on_tool_usage_started: 'charmap' codec 
can't encode character '\U0001f504' in position 1: character maps to 
<undefined>
+-----------------------------+-[-------------------------CrewAIEventsBus] Sync handler error in on_agent_logs_execution: 'charmap' 
codec can't encode character '\U0001f30a' in position 1: character maps to 
<undefined>
[CrewAIEventsBus] Sync handler error in on_tool_usage_finished: 'charmap' codec
can't encode character '\U0001f504' in position 1: character maps to 
<undefined>
+--------------------------[CrewAIEventsBus] Sync handler error in on_tool_usage_started: 'charmap' codec 
can't encode character '\U0001f504' in position 1: character maps to 
<undefined>
+-----------------------------[+-CrewAIEventsBus-------------------------] Sync handler error in on_tool_usage_finished: 'charmap' codec
can't encode character '\U0001f30a' in position 1: character maps to 
<undefined>
[CrewAIEventsBus] Sync handler error in on_agent_logs_execution: 'charmap' 
codec can't encode character '\U0001f504' in position 1: character maps to 
<undefined>
+--------------------------[CrewAIEventsBus] Sync handler error in on_tool_usage_started: 'charmap' codec 
can't encode character '\U0001f504' in position 1: character maps to 
<undefined>
+-----------------------------[CrewAIEventsBus+-]------------------------- Sync handler error in on_tool_usage_finished: 'charmap' codec
can't encode character '\U0001f30a' in position 1: character maps to 
<undefined>
[CrewAIEventsBus] Sync handler error in on_agent_logs_execution: 'charmap' 
codec can't encode character '\U0001f504' in position 1: character maps to 
<undefined>
+--------------------------[CrewAIEventsBus] Sync handler error in on_tool_usage_started: 'charmap' codec 
can't encode character +-'\U0001f504'---------------------------- in position 1+-: character maps to -------------------------
<undefined>
[CrewAIEventsBus] Sync handler error in on_tool_usage_finished: 'charmap' codec
can't encode character '\U0001f30a' in position 1: character maps to 
<undefined>
[CrewAIEventsBus] Sync handler error in on_agent_logs_execution: 'charmap' 
codec can't encode character '\U0001f504' in position 1: character maps to 
<undefined>
[35m[Finalize] todos_count=0, todos_with_results=0[0m
+-----------------------------[CrewAIEventsBus] Sync handler error in on_agent_logs_execution: 'charmap' 
codec can't encode character '\U0001f30a' in position +-1-------------------------: character maps to 
<undefined>
+-[----------------------------CrewAIEventsBus] Sync handler error in on_task_failed: 'charmap'+-------------------------- codec can't 
encode character '\U0001f504' in position 1: character maps to <undefined>
[CrewAIEventsBus] Sync handler error in on_crew_failed: 'charmap' codec can't 
encode character '\U0001f30a' in position 1: character maps to <undefined>
[CrewAIEventsBus] Sync handler error in on_method_execution_failed: 'charmap' 
codec can't encode character '\U0001f504' in position 1: character maps to 
<undefined>
+-----------------------------[CrewAIEventsBus] Sync handler error in on_flow_started: 'charmap' codec can't 
encode character '\U0001f30a' in position 1: character maps to <undefined>
Flow started with ID: c93cd5a2-0ce2-4df2-8700-25e532d91e59
+--------------------------[CrewAIEventsBus] Sync handler error in on_method_execution_started: 'charmap' 
codec can't encode character '\U0001f504' in position 1: character maps to 
<undefined>
+--------------------------[+--------------------------CrewAIEventsBus] Sync handler error in on_method_execution_finished: 'charmap'
codec can't encode character '\U0001f504' in position 1: character maps to 
<undefined>
[CrewAIEventsBus] Sync handler error in on_method_execution_started: 'charmap' 
codec can't encode character '\U0001f504' in position 1: character maps to 
<undefined>
+-----------------------------[CrewAIEventsBus] Sync handler error in on_crew_started: 'charmap' codec can't 
encode character '\U0001f30a' in position 1: character maps to <undefined>
+-----------------------------[CrewAIEventsBus] Sync handler error in on_task_started: 'charmap' codec can't 
encode character '\U0001f30a' in position 1: character maps to <undefined>
+--------------------------[CrewAIEventsBus] Sync handler error in on_agent_logs_started: 'charmap' codec 
can't encode character '\U0001f504' in position 1: character maps to 
<undefined>
+-----------------------------[CrewAIEventsBus] Sync handler error in on_tool_usage_started: 'charmap' codec 
can't encode character '\U0001f30a' in position 1: character maps to 
<undefined>
+--------------------------[CrewAIEventsBus+-]------------------------- Sync handler error in on_tool_usage_finished: 'charmap' codec
can't encode character '\U0001f504' in position 1: character maps to 
<undefined>
[CrewAIEventsBus] Sync handler error in on_agent_logs_execution: 'charmap' 
codec can't encode character '\U0001f504' in position 1: character maps to 
<undefined>
+-----------------------------[CrewAIEventsBus] Sync handler error in on_tool_usage_started: 'charmap' codec 
can't encode character '\U0001f30a' in position 1: character maps to 
<undefined>
+--------------------------+-[-------------------------CrewAIEventsBus] Sync handler error in on_tool_usage_finished: 'charmap' codec
can't encode character '\U0001f504' in position 1: character maps to 
<undefined>
[CrewAIEventsBus] Sync handler error in on_agent_logs_execution: 'charmap' 
codec can't encode character '\U0001f504' in position 1: character maps to 
<undefined>
+-----------------------------[CrewAIEventsBus] Sync handler error in on_tool_usage_started: 'charmap' codec 
can't encode character '\U0001f30a' in position 1: character maps to 
<undefined>
+--------------------------+-[----------------------------CrewAIEventsBus] Sync handler error in on_tool_usage_finished: 'charmap' codec
can't encode character '\U0001f504' in position 1: character maps to 
<undefined>
[CrewAIEventsBus] Sync handler error in on_agent_logs_execution: 'charmap' 
codec can't encode character '\U0001f30a' in position 1: character maps to 
<undefined>
+-----------------------------[+-CrewAIEventsBus----------------------------]+- Sync handler error in on_tool_usage_started: -------------------------'charmap' codec 
can't encode character '\U0001f30a' in position 1: character maps to 
<undefined>
[CrewAIEventsBus] Sync handler error in on_tool_usage_finished: 'charmap' codec
can't encode character '\U0001f30a' in position 1: character maps to 
<undefined>
[CrewAIEventsBus] Sync handler error in on_agent_logs_execution: 'charmap' 
codec can't encode character '\U0001f504' in position 1: character maps to 
<undefined>
+-----------------------------[CrewAIEventsBus] Sync handler error in on_tool_usage_started: 'charmap' codec 
can't encode character '\U0001f30a' in position 1: character maps to 
<undefined>
+--------------------------[CrewAIEventsBus+-]------------------------- Sync handler error in on_tool_usage_finished: 'charmap' codec[93mMaximum iterations reached. Requesting final answer.[0m

can't encode character '\U0001f504' in position 1: character maps to 
<undefined>
[CrewAIEventsBus] Sync handler error in on_agent_logs_execution: 'charmap' 
codec can't encode character '\U0001f504' in position 1: character maps to 
<undefined>
[35m[Finalize] todos_count=0, todos_with_results=0[0m
+-----------------------------[CrewAIEventsBus] Sync handler error in on_agent_logs_execution: 'charmap'+- 
----------------------------codec can't encode character +-'\U0001f30a'------------------------- in position 1+-: character maps to 
-------------------------<undefined>
[CrewAIEventsBus] Sync handler error in on_task_failed: 'charmap'+- codec can't 
encode character ----------------------------'\U0001f30a' in position 1: character maps to <undefined>
[CrewAIEventsBus] Sync handler error in on_crew_failed: 'charmap' codec can't 
encode character '\U0001f504' in position 1: character maps to <undefined>
[CrewAIEventsBus] Sync handler error in on_method_execution_failed: 'charmap' 
codec can't encode character '\U0001f504' in position 1: character maps to 
<undefined>
[CrewAIEventsBus] Sync handler error in on_flow_started: 'charmap' codec can't 
encode character '\U0001f30a' in position 1: character maps to <undefined>
Flow started with ID: c93cd5a2-0ce2-4df2-8700-25e532d91e59
+-----------------------------[CrewAIEventsBus] Sync handler error in on_method_execution_started: 'charmap' 
codec can't encode character '\U0001f30a' in position 1: character maps to 
<undefined>
+-----------------------------[+-CrewAIEventsBus-------------------------] Sync handler error in on_method_execution_finished: 'charmap'
codec can't encode character '\U0001f30a' in position 1: character maps to 
<undefined>
[CrewAIEventsBus] Sync handler error in on_method_execution_started: 'charmap' 
codec can't encode character '\U0001f504' in position 1: character maps to 
<undefined>
+-----------------------------[CrewAIEventsBus] Sync handler error in on_crew_started: 'charmap' codec can't 
encode character '\U0001f30a' in position 1: character maps to <undefined>
+-----------------------------[CrewAIEventsBus] Sync handler error in on_task_started: 'charmap' codec can't 
encode character '\U0001f30a' in position 1: character maps to <undefined>
+--------------------------[CrewAIEventsBus] Sync handler error in on_agent_logs_started: 'charmap' codec 
can't encode character '\U0001f504' in position 1: character maps to 
<undefined>
+-----------------------------[CrewAIEventsBus] Sync handler error in on_tool_usage_started: 'charmap' codec 
can't encode character '\U0001f30a' in position 1: character maps to 
<undefined>
+--------------------------+-[-------------------------CrewAIEventsBus] Sync handler error in on_tool_usage_finished: 'charmap' codec
can't encode character '\U0001f504' in position 1: character maps to 
<undefined>
[CrewAIEventsBus] Sync handler error in on_agent_logs_execution: 'charmap' 
codec can't encode character '\U0001f504' in position 1: character maps to 
<undefined>
+-----------------------------[CrewAIEventsBus] Sync handler error in on_tool_usage_started: 'charmap' codec 
can't encode character '\U0001f30a' in position 1: character maps to 
<undefined>
+--------------------------[+-CrewAIEventsBus-------------------------] Sync handler error in on_tool_usage_finished: 'charmap' codec
can't encode character '\U0001f504' in position 1: character maps to 
<undefined>
[CrewAIEventsBus] Sync handler error in on_agent_logs_execution: 'charmap' 
codec can't encode character '\U0001f504' in position 1: character maps to 
<undefined>
+-----------------------------[CrewAIEventsBus] Sync handler error in on_tool_usage_started: 'charmap' codec 
can't encode character '\U0001f30a' in position 1: character maps to 
<undefined>
+--------------------------[+-CrewAIEventsBus-------------------------] Sync handler error in on_tool_usage_finished: 'charmap' codec
can't encode character '\U0001f504' in position 1: character maps to 
<undefined>
[CrewAIEventsBus] Sync handler error in on_agent_logs_execution: 'charmap' 
codec can't encode character '\U0001f504' in position 1: character maps to 
<undefined>
+-----------------------------[CrewAIEventsBus] Sync handler error in on_tool_usage_started: +-'charmap' codec -------------------------
can't encode character +-'\U0001f30a'------------------------- in position 1: character maps to 
<undefined>
[CrewAIEventsBus] Sync handler error in on_tool_usage_finished: 'charmap' codec
can't encode character '\U0001f504' in position 1: character maps to 
<undefined>
[CrewAIEventsBus] Sync handler error in on_agent_logs_execution: 'charmap' 
codec can't encode character '\U0001f504' in position 1: character maps to 
<undefined>
+--------------------------[CrewAIEventsBus] Sync handler error in on_tool_usage_started: 'charmap' codec 
can't encode character '\U0001f504' in position 1: character maps to 
<undefined>
+--------------------------+-[-------------------------CrewAIEventsBus[93mMaximum iterations reached. Requesting final answer.[0m
] Sync handler error in on_tool_usage_finished: 'charmap' codec
can't encode character '\U0001f504' in position 1: character maps to 
<undefined>
[CrewAIEventsBus] Sync handler error in on_agent_logs_execution: 'charmap' 
codec can't encode character '\U0001f504' in position 1: character maps to 
<undefined>
[35m[Finalize] todos_count=0, todos_with_results=0[0m
+-----------------------------[CrewAIEventsBus]+- Sync handler error in on_agent_logs_execution: -------------------------'charmap'+- ----------------------------
codec can't encode character +-'\U0001f30a'------------------------- in position 1: character maps to 
<undefined>
[CrewAIEventsBus] Sync handler error in on_task_failed: 'charmap' codec can't 
encode character '\U0001f504' in position 1: character maps to <undefined>
[CrewAIEventsBus] Sync handler error in on_crew_failed: 'charmap' codec can't 
encode character '\U0001f30a' in position +-1-------------------------: character maps to <undefined>
[CrewAIEventsBus] Sync handler error in on_method_execution_failed: 'charmap' 
codec can't encode character '\U0001f504' in position 1: character maps to 
<undefined>
[CrewAIEventsBus] Sync handler error in on_flow_started: 'charmap' codec can't 
encode character '\U0001f504' in position 1: character maps to <undefined>
Flow started with ID: c93cd5a2-0ce2-4df2-8700-25e532d91e59
+-----------------------------[CrewAIEventsBus] Sync handler error in on_method_execution_started: 'charmap' 
codec can't encode character '\U0001f30a' in position 1: character maps to 
<undefined>
+-----------------------------+-[----------------------------CrewAIEventsBus] Sync handler error in on_method_execution_finished: 'charmap'
codec can't encode character '\U0001f30a' in position 1: character maps to 
<undefined>
[CrewAIEventsBus] Sync handler error in on_method_execution_started: 'charmap' 
codec can't encode character '\U0001f30a' in position 1: character maps to 
<undefined>
+--------------------------[CrewAIEventsBus] Sync handler error in on_crew_started: 'charmap' codec can't 
encode character '\U0001f504' in position 1: character maps to <undefined>
+-----------------------------[CrewAIEventsBus] Sync handler error in on_task_started: 'charmap' codec can't 
encode character '\U0001f30a' in position 1: character maps to <undefined>
+--------------------------[CrewAIEventsBus] Sync handler error in on_agent_logs_started: 'charmap' codec 
can't encode character '\U0001f504' in position 1: character maps to 
<undefined>
+-----------------------------[CrewAIEventsBus] Sync handler error in on_tool_usage_started: 'charmap' codec 
can't encode character '\U0001f30a' in position 1: character maps to 
<undefined>
+-----------------------------[CrewAIEventsBus+-]------------------------- Sync handler error in on_tool_usage_finished: 'charmap' codec
can't encode character '\U0001f30a' in position 1: character maps to 
<undefined>
[CrewAIEventsBus] Sync handler error in on_agent_logs_execution: 'charmap' 
codec can't encode character '\U0001f504' in position 1: character maps to 
<undefined>
+--------------------------[CrewAIEventsBus] Sync handler error in on_tool_usage_started: 'charmap' codec 
can't encode character '\U0001f504' in position 1: character maps to 
<undefined>
+-----------------------------[CrewAIEventsBus+-]------------------------- Sync handler error in on_tool_usage_finished: 'charmap' codec
can't encode character '\U0001f30a' in position 1: character maps to 
<undefined>
[CrewAIEventsBus] Sync handler error in on_agent_logs_execution: 'charmap' 
codec can't encode character '\U0001f504' in position 1: character maps to 
<undefined>
+--------------------------[CrewAIEventsBus] Sync handler error in on_tool_usage_started: 'charmap' codec 
can't encode character '\U0001f504' in position 1: character maps to 
<undefined>
+-----------------------------[+-CrewAIEventsBus-------------------------] Sync handler error in on_tool_usage_finished: 'charmap' codec
can't encode character '\U0001f30a' in position 1: character maps to 
<undefined>
[CrewAIEventsBus] Sync handler error in on_agent_logs_execution: 'charmap' 
codec can't encode character '\U0001f504' in position 1: character maps to 
<undefined>
+-----------------------------[CrewAIEventsBus] Sync handler error in on_tool_usage_started: 'charmap'+- codec ----------------------------
can't encode character +-'\U0001f30a'------------------------- in position 1: character maps to 
<undefined>
[CrewAIEventsBus] Sync handler error in on_tool_usage_finished: 'charmap' codec
can't encode character '\U0001f30a' in position 1: character maps to 
<undefined>
[CrewAIEventsBus] Sync handler error in on_agent_logs_execution: 'charmap' 
codec can't encode character '\U0001f504' in position 1: character maps to 
<undefined>
+-----------------------------[CrewAIEventsBus] Sync handler error in on_tool_usage_started: 'charmap' codec 
can't encode character '\U0001f30a' in position 1: character maps to 
<undefined>
+-----------------------------+-[CrewAIEventsBus-------------------------] Sync handler error in on_tool_usage_finished: [93mMaximum iterations reached. Requesting final answer.[0m
'charmap' codec
can't encode character '\U0001f30a' in position 1: character maps to 
<undefined>
[CrewAIEventsBus] Sync handler error in on_agent_logs_execution: 'charmap' 
codec can't encode character '\U0001f504' in position 1: character maps to 
<undefined>
[35m[Finalize] todos_count=0, todos_with_results=0[0m
+--------------------------[CrewAIEventsBus+-]---------------------------- Sync handler error in on_agent_logs_execution: 'charmap' 
codec can't encode character '\U0001f504'+----------------------------- in position 1: character maps to 
<+-----------------------------undefined>
[CrewAIEventsBus] Sync handler error in on_task_failed: 'charmap' codec can't 
encode character '\U0001f30a' in position 1: character maps to <undefined>
[CrewAIEventsBus] Sync handler error in on_crew_failed: 'charmap' codec can't +-
encode character -------------------------'\U0001f30a' in position 1: character maps to <undefined>
[CrewAIEventsBus] Sync handler error in on_method_execution_failed: 'charmap' 
codec can't encode character '\U0001f30a' in position 1: character maps to 
<undefined>
[CrewAIEventsBus] Sync handler error in on_flow_started: 'charmap' codec can't 
encode character '\U0001f504' in position 1: character maps to <undefined>
Flow started with ID: c93cd5a2-0ce2-4df2-8700-25e532d91e59
+--------------------------[CrewAIEventsBus] Sync handler error in on_method_execution_started: 'charmap' 
codec can't encode character '\U0001f504' in position 1: character maps to 
<undefined>
+-----------------------------[CrewAIEventsBus+-] Sync handler error in on_method_execution_finished: -------------------------'charmap'
codec can't encode character '\U0001f30a' in position 1: character maps to 
<undefined>
[CrewAIEventsBus] Sync handler error in on_method_execution_started: 'charmap' 
codec can't encode character '\U0001f504' in position 1: character maps to 
<undefined>
+-----------------------------[CrewAIEventsBus] Sync handler error in on_crew_started: 'charmap' codec can't 
encode character '\U0001f30a' in position 1: character maps to <undefined>
+--------------------------[CrewAIEventsBus] Sync handler error in on_task_started: 'charmap' codec can't 
encode character '\U0001f504' in position 1: character maps to <undefined>
+-----------------------------[CrewAIEventsBus] Sync handler error in on_agent_logs_started: 'charmap' codec 
can't encode character '\U0001f30a' in position 1: character maps to 
<undefined>
+--------------------------[CrewAIEventsBus] Sync handler error in on_tool_usage_started: 'charmap' codec 
can't encode character '\U0001f504' in position 1: character maps to 
<undefined>
+-----------------------------+-[----------------------------CrewAIEventsBus] Sync handler error in on_tool_usage_finished: 'charmap' codec
can't encode character '\U0001f30a' in position 1: character maps to 
<undefined>
[CrewAIEventsBus] Sync handler error in on_agent_logs_execution: 'charmap' 
codec can't encode character '\U0001f30a' in position 1: character maps to 
<undefined>
+-----------------------------[CrewAIEventsBus] Sync handler error in on_tool_usage_started: 'charmap' codec 
can't encode character '\U0001f30a' in position 1: character maps to 
<undefined>
+--------------------------+-[----------------------------CrewAIEventsBus] Sync handler error in on_tool_usage_finished: 'charmap' codec
can't encode character '\U0001f504' in position 1: character maps to 
<undefined>
[CrewAIEventsBus] Sync handler error in on_agent_logs_execution: 'charmap' 
codec can't encode character '\U0001f30a' in position 1: character maps to 
<undefined>
+-----------------------------[CrewAIEventsBus] Sync handler error in on_tool_usage_started: 'charmap' codec 
can't encode character '\U0001f30a' in position 1: character maps to 
<undefined>
+--------------------------[+-CrewAIEventsBus]------------------------- Sync handler error in on_tool_usage_finished: 'charmap' codec
can't encode character '\U0001f504' in position 1: character maps to 
<undefined>
[CrewAIEventsBus] Sync handler error in on_agent_logs_execution: 'charmap' 
codec can't encode character '\U0001f504' in position 1: character maps to 
<undefined>
+-----------------------------[CrewAIEventsBus] Sync handler error in on_tool_usage_started: 'charmap' codec 
can't encode character '\U0001f30a' in position 1: character maps to 
<undefined>+-
----------------------------[CrewAIEventsBus+-]------------------------- Sync handler error in on_tool_usage_finished: 'charmap' codec
can't encode character '\U0001f30a' in position 1: character maps to 
<undefined>
[CrewAIEventsBus] Sync handler error in on_agent_logs_execution: 'charmap' 
codec can't encode character '\U0001f504' in position 1: character maps to 
<undefined>
+-----------------------------[CrewAIEventsBus] Sync handler error in on_tool_usage_started: 'charmap' codec 
can't encode character '\U0001f30a' in position 1: character maps to 
<undefined>
+-[93mMaximum iterations reached. Requesting final answer.[0m
----------------------------[+-CrewAIEventsBus----------------------------] Sync handler error in on_tool_usage_finished: 'charmap' codec
can't encode character '\U0001f30a' in position 1: character maps to 
<undefined>
[CrewAIEventsBus] Sync handler error in on_agent_logs_execution: 'charmap' 
codec can't encode character '\U0001f30a' in position 1: character maps to 
<undefined>
[35m[Finalize] todos_count=0, todos_with_results=0[0m
+--------------------------[+-CrewAIEventsBus]---------------------------- Sync handler error in on_agent_logs_execution: 'charmap' 
codec can't encode character '\U0001f504'+- in position ----------------------------1: character maps to 
+-<undefined---------------------------->
[CrewAIEventsBus] Sync handler error in on_task_failed: 'charmap' codec can't 
encode character '\U0001f30a' in position 1: character maps to <undefined>
[CrewAIEventsBus] Sync handler error in on_crew_failed: 'charmap' codec can't 
encode character +-'\U0001f30a'------------------------- in position 1: character maps to <undefined>
[CrewAIEventsBus] Sync handler error in on_method_execution_failed: 'charmap' 
codec can't encode character '\U0001f30a' in position 1: character maps to 
<undefined>
[CrewAIEventsBus] Sync handler error in on_flow_started: 'charmap' codec can't 
encode character '\U0001f504' in position 1: character maps to <undefined>
Flow started with ID: c93cd5a2-0ce2-4df2-8700-25e532d91e59
+--------------------------[CrewAIEventsBus] Sync handler error in on_method_execution_started: 'charmap' 
codec can't encode character '\U0001f504' in position 1: character maps to 
<undefined>
+-----------------------------[CrewAIEventsBus] Sync handler error in on_method_execution_finished: +-'charmap'
-------------------------codec can't encode character '\U0001f30a' in position 1: character maps to 
<undefined>
[CrewAIEventsBus] Sync handler error in on_method_execution_started: 'charmap' 
codec can't encode character '\U0001f504' in position 1: character maps to 
<undefined>
+-----------------------------[CrewAIEventsBus] Sync handler error in on_crew_started: 'charmap' codec can't 
encode character '\U0001f30a' in position 1: character maps to <undefined>
+--------------------------[CrewAIEventsBus] Sync handler error in on_task_started: 'charmap' codec can't 
encode character '\U0001f504' in position 1: character maps to <undefined>
+-----------------------------[CrewAIEventsBus] Sync handler error in on_agent_logs_started: 'charmap' codec 
can't encode character '\U0001f30a' in position 1: character maps to 
<undefined>
+--------------------------[CrewAIEventsBus] Sync handler error in on_tool_usage_started: 'charmap' codec 
can't encode character '\U0001f504' in position 1: character maps to 
<undefined>
+-----------------------------[CrewAIEventsBus]+- Sync handler error in on_tool_usage_finished: ----------------------------'charmap' codec
can't encode character '\U0001f30a' in position 1: character maps to 
<undefined>
[CrewAIEventsBus] Sync handler error in on_agent_logs_execution: 'charmap' 
codec can't encode character '\U0001f30a' in position 1: character maps to 
<undefined>
+-----------------------------[CrewAIEventsBus] Sync handler error in on_tool_usage_started: 'charmap' codec 
can't encode character '\U0001f30a' in position 1: character maps to 
<undefined>
+--------------------------[+-CrewAIEventsBus----------------------------] Sync handler error in on_tool_usage_finished: 'charmap' codec
can't encode character '\U0001f504' in position 1: character maps to 
<undefined>
[CrewAIEventsBus] Sync handler error in on_agent_logs_execution: 'charmap' 
codec can't encode character '\U0001f30a' in position 1: character maps to 
<undefined>
+-----------------------------[CrewAIEventsBus] Sync handler error in on_tool_usage_started: 'charmap' codec 
can't encode character '\U0001f30a' in position 1: character maps to 
<undefined>
+--------------------------[+-CrewAIEventsBus-------------------------] Sync handler error in on_tool_usage_finished: 'charmap' codec
can't encode character '\U0001f504' in position 1: character maps to 
<undefined>
[CrewAIEventsBus] Sync handler error in on_agent_logs_execution: 'charmap' 
codec can't encode character '\U0001f504' in position 1: character maps to 
<undefined>
+-----------------------------[CrewAIEventsBus+-] Sync handler error in on_tool_usage_started: 'charmap' codec ----------------------------
can't encode character '\U0001f30a'+- in position -------------------------1: character maps to 
<undefined>
[CrewAIEventsBus] Sync handler error in on_tool_usage_finished: 'charmap' codec
can't encode character '\U0001f30a' in position 1: character maps to 
<undefined>
[CrewAIEventsBus] Sync handler error in on_agent_logs_execution: 'charmap' 
codec can't encode character '\U0001f504' in position 1: character maps to 
<undefined>
+--------------------------[CrewAIEventsBus] Sync handler error in on_tool_usage_started: 'charmap' codec 
can't encode character '\U0001f504' in position 1: character maps to 
<undefined>
+-[93mMaximum iterations reached. Requesting final answer.[0m
----------------------------[CrewAIEventsBus+-]---------------------------- Sync handler error in on_tool_usage_finished: 'charmap' codec
can't encode character '\U0001f30a' in position 1: character maps to 
<undefined>
[CrewAIEventsBus] Sync handler error in on_agent_logs_execution: 'charmap' 
codec can't encode character '\U0001f30a' in position 1: character maps to 
<undefined>
