2026-06-18T17:25:10	=== START ===
2026-06-18T17:25:12	[tts_server] already running
2026-06-18T17:25:14	[brain] starting (local)
2026-06-18T17:25:14	[brain] started pid=82436
2026-06-18T17:25:18	[tray] starting (local)
2026-06-18T17:25:18	[tray] started pid=67976
2026-06-18T17:25:21	[chat_window] starting (local)
2026-06-18T17:25:21	[chat_window] started pid=52700
2026-06-18T17:25:25	[telegram_bot] starting (local)
2026-06-18T17:25:25	[telegram_bot] started pid=75832
2026-06-18T17:25:28	[watchdog] starting (local)
2026-06-18T17:25:28	[watchdog] started pid=88364
2026-06-18T17:25:30	[godot_aria] already running
2026-06-18T17:25:30	[chromadb] starting (remote)
2026-06-18T17:25:32	[chromadb] may not have started  -  verify on PC 2
2026-06-18T17:25:33	[motion_server] starting (remote)
2026-06-18T17:25:35	[motion_server] may not have started  -  verify on PC 2
2026-06-18T17:25:35	=== START done ===
2026-06-19T18:14:25	=== START ===
2026-06-19T18:14:25	[] already running
2026-06-19T18:14:25	[] already running
2026-06-19T18:14:25	[] already running
2026-06-19T18:14:26	[] already running
2026-06-19T18:14:26	[] already running
2026-06-19T18:14:26	[] already running
2026-06-19T18:14:26	[] already running
2026-06-19T18:14:26	[] already running
2026-06-19T18:14:26	[] already running
2026-06-19T18:14:26	[chromadb] starting (remote)
2026-06-19T18:14:29	[chromadb] may not have started - verify on PC 2
2026-06-19T18:14:29	[tts_server] starting (remote)
2026-06-19T18:14:31	[tts_server] may not have started - verify on PC 2
2026-06-19T18:14:32	[brain] WARNING: dependency 'chromadb' does not appear to be running yet
2026-06-19T18:14:32	[brain] WARNING: dependency 'tts_server' does not appear to be running yet
2026-06-19T18:14:32	[brain] starting (remote)
2026-06-19T18:14:35	[brain] may not have started - verify on PC 2
2026-06-19T18:14:35	[telegram_bot] WARNING: dependency 'brain' does not appear to be running yet
2026-06-19T18:14:35	[telegram_bot] starting (remote)
2026-06-19T18:14:38	[telegram_bot] may not have started - verify on PC 2
2026-06-19T18:14:38	[watchdog] WARNING: dependency 'brain' does not appear to be running yet
2026-06-19T18:14:38	[watchdog] starting (remote)
2026-06-19T18:14:41	[watchdog] may not have started - verify on PC 2
2026-06-19T18:14:41	[motion_server] starting (remote)
