INFO:     Started server process [26612]
INFO:     Waiting for application startup.
17:25:14 INFO    aria_brain.server :: aria_brain starting on 127.0.0.1:8770
17:25:14 INFO    aria_brain.memory :: chromadb warmup: initializing client + collections
17:25:36 WARNING aria_brain.memory :: chromadb: remote unreachable (ValueError: [WinError 10060] A connection attempt failed because the connected party did not properly respond after a period of time, or established connection failed because connected host has failed to respond); falling back to local DuckDB+Parquet
17:25:36 ERROR   chromadb.telemetry.product.posthog :: Failed to send telemetry event ClientStartEvent: capture() takes 1 positional argument but 3 were given
17:25:36 INFO    aria_brain.memory :: chromadb: using local fallback at C:\Users\Tench\Documents\AriaAssistantAppIKdiffusion\brain\chroma_local
17:25:36 ERROR   chromadb.telemetry.product.posthog :: Failed to send telemetry event ClientCreateCollectionEvent: capture() takes 1 positional argument but 3 were given
17:25:36 INFO    aria_brain.memory ::   collection ready: aria_episodic
17:25:36 ERROR   chromadb.telemetry.product.posthog :: Failed to send telemetry event ClientCreateCollectionEvent: capture() takes 1 positional argument but 3 were given
17:25:36 INFO    aria_brain.memory ::   collection ready: aria_facts
17:25:36 ERROR   chromadb.telemetry.product.posthog :: Failed to send telemetry event ClientCreateCollectionEvent: capture() takes 1 positional argument but 3 were given
17:25:36 INFO    aria_brain.memory ::   collection ready: aria_thoughts
17:25:36 INFO    aria_brain.reflection :: reflection scheduler: started (every 120 min)
17:25:36 INFO    aria_brain.server :: aria_brain online
INFO:     Application startup complete.
INFO:     Uvicorn running on http://127.0.0.1:8770 (Press CTRL+C to quit)
17:27:20 ERROR   chromadb.telemetry.product.posthog :: Failed to send telemetry event ClientCreateCollectionEvent: capture() takes 1 positional argument but 3 were given
17:27:20 ERROR   chromadb.telemetry.product.posthog :: Failed to send telemetry event ClientCreateCollectionEvent: capture() takes 1 positional argument but 3 were given
17:27:20 ERROR   chromadb.telemetry.product.posthog :: Failed to send telemetry event ClientCreateCollectionEvent: capture() takes 1 positional argument but 3 were given
